* Starting client
* Connecting to master process on port 20599
* Analyzing classpath: 
  - C:\Users\budi.han\Documents\repos\Java-Snake-Game\target\classes
  - C:\Users\budi.han\.m2\repository\junit\junit\4.12\junit-4.12.jar
  - C:\Users\budi.han\.m2\repository\org\hamcrest\hamcrest-core\1.3\hamcrest-core-1.3.jar
* Finished analyzing classpath
* Generating tests for class com.zetcode.Snake
* Test criteria:
  - Line Coverage
  - Branch Coverage
  - Exception
  - Mutation testing (weak)
  - Method-Output Coverage
  - Top-Level Method Coverage
  - No-Exception Top-Level Method Coverage
  - Context Branch Coverage
* Setting up search algorithm for whole suite generation
[MASTER] 22:05:15.750 [pool-2-thread-1] WARN  TestSuiteSerialization - Cannot load tests because file does not exist: C:\Users\budi.han\Documents\repos\Java-Snake-Game\.evosuite\evosuite-seeds\com.zetcode.Snake.seed
* Loaded 0 tests from C:\Users\budi.han\Documents\repos\Java-Snake-Game\.evosuite\evosuite-seeds\com.zetcode.Snake.seed
* Total number of test goals: 
  - Line 12
  - Branch 3
  - Exception 0
  - MutationFactory 7
  - Output 0
  - Method 2
  - MethodNoException 2
  - CBranchFitnessFactory 3
* Using seed 1650225911820
* Starting evolution
